<?xml version="1.0" encoding="UTF-8"?>
<!-- Generated by org.testng.reporters.JUnitReportReporter -->
<testsuite hostname="JAY-PC" failures="0" tests="1" name="com.AutomationMaven.task.CreateCustomerTest" time="0.024" errors="0" timestamp="13 May 2023 04:06:30 GMT" skipped="0">
  <testcase classname="com.AutomationMaven.task.CreateCustomerTest" name="ModifyCustomer" time="0.024"/>
</testsuite> <!-- com.AutomationMaven.task.CreateCustomerTest -->
